{"timestamp": "2024-01-05 17:34:25,799", "level": "INFO", "name": "GreenEcoHubRegistration", "message": "", "user_id": 105, "role": "Solarteure", "msg": "User registriert"}
{"timestamp": "2024-01-05 17:54:05,345", "level": "INFO", "name": "GreenEcoHubRegistration", "message": "", "user_id": 106, "role": "Haushalte", "msg": "User registriert"}
{"timestamp": "2024-01-06 00:44:31,877", "level": "INFO", "name": "GreenEcoHubRegistration", "message": "", "user_id": 1, "role": "Haushalte", "msg": "User registriert"}
{"timestamp": "2024-01-06 00:44:35,146", "level": "INFO", "name": "GreenEcoHubRegistration", "message": "", "user_id": 2, "role": "Admin", "msg": "User registriert"}
{"timestamp": "2024-01-06 00:44:35,587", "level": "INFO", "name": "GreenEcoHubRegistration", "message": "", "user_id": 3, "role": "Netzbetreiber", "msg": "User registriert"}
{"timestamp": "2024-01-06 00:44:35,963", "level": "INFO", "name": "GreenEcoHubRegistration", "message": "", "user_id": 4, "role": "Haushalte", "msg": "User registriert"}
{"timestamp": "2024-01-06 00:44:36,331", "level": "INFO", "name": "GreenEcoHubRegistration", "message": "", "user_id": 5, "role": "Netzbetreiber", "msg": "User registriert"}
{"timestamp": "2024-01-06 00:44:36,700", "level": "INFO", "name": "GreenEcoHubRegistration", "message": "", "user_id": 6, "role": "Energieberatende", "msg": "User registriert"}
{"timestamp": "2024-01-06 00:44:37,077", "level": "INFO", "name": "GreenEcoHubRegistration", "message": "", "user_id": 7, "role": "Netzbetreiber", "msg": "User registriert"}
{"timestamp": "2024-01-06 00:44:37,513", "level": "INFO", "name": "GreenEcoHubRegistration", "message": "", "user_id": 8, "role": "Energieberatende", "msg": "User registriert"}
{"timestamp": "2024-01-06 00:44:37,887", "level": "INFO", "name": "GreenEcoHubRegistration", "message": "", "user_id": 9, "role": "Energieberatende", "msg": "User registriert"}
{"timestamp": "2024-01-06 00:44:38,266", "level": "INFO", "name": "GreenEcoHubRegistration", "message": "", "user_id": 10, "role": "Netzbetreiber", "msg": "User registriert"}
{"timestamp": "2024-01-06 00:44:38,643", "level": "INFO", "name": "GreenEcoHubRegistration", "message": "", "user_id": 11, "role": "Solarteure", "msg": "User registriert"}
{"timestamp": "2024-01-06 00:44:39,066", "level": "INFO", "name": "GreenEcoHubRegistration", "message": "", "user_id": 12, "role": "Haushalte", "msg": "User registriert"}
{"timestamp": "2024-01-06 00:44:39,460", "level": "INFO", "name": "GreenEcoHubRegistration", "message": "", "user_id": 13, "role": "Netzbetreiber", "msg": "User registriert"}
{"timestamp": "2024-01-06 00:44:39,833", "level": "INFO", "name": "GreenEcoHubRegistration", "message": "", "user_id": 14, "role": "Energieberatende", "msg": "User registriert"}
{"timestamp": "2024-01-06 00:44:40,210", "level": "INFO", "name": "GreenEcoHubRegistration", "message": "", "user_id": 15, "role": "Haushalte", "msg": "User registriert"}
{"timestamp": "2024-01-06 00:44:40,588", "level": "INFO", "name": "GreenEcoHubRegistration", "message": "", "user_id": 16, "role": "Haushalte", "msg": "User registriert"}
{"timestamp": "2024-01-06 00:44:40,960", "level": "INFO", "name": "GreenEcoHubRegistration", "message": "", "user_id": 17, "role": "Netzbetreiber", "msg": "User registriert"}
{"timestamp": "2024-01-06 00:44:41,347", "level": "INFO", "name": "GreenEcoHubRegistration", "message": "", "user_id": 18, "role": "Netzbetreiber", "msg": "User registriert"}
{"timestamp": "2024-01-06 00:44:41,720", "level": "INFO", "name": "GreenEcoHubRegistration", "message": "", "user_id": 19, "role": "Haushalte", "msg": "User registriert"}
{"timestamp": "2024-01-06 00:44:42,088", "level": "INFO", "name": "GreenEcoHubRegistration", "message": "", "user_id": 20, "role": "Solarteure", "msg": "User registriert"}
{"timestamp": "2024-01-06 00:44:42,532", "level": "INFO", "name": "GreenEcoHubRegistration", "message": "", "user_id": 21, "role": "Haushalte", "msg": "User registriert"}
{"timestamp": "2024-01-06 00:44:42,969", "level": "INFO", "name": "GreenEcoHubRegistration", "message": "", "user_id": 22, "role": "Solarteure", "msg": "User registriert"}
{"timestamp": "2024-01-06 00:44:43,692", "level": "INFO", "name": "GreenEcoHubRegistration", "message": "", "user_id": 23, "role": "Haushalte", "msg": "User registriert"}
{"timestamp": "2024-01-06 00:44:44,083", "level": "INFO", "name": "GreenEcoHubRegistration", "message": "", "user_id": 24, "role": "Energieberatende", "msg": "User registriert"}
{"timestamp": "2024-01-06 00:44:44,463", "level": "INFO", "name": "GreenEcoHubRegistration", "message": "", "user_id": 25, "role": "Energieberatende", "msg": "User registriert"}
{"timestamp": "2024-01-06 00:44:44,908", "level": "INFO", "name": "GreenEcoHubRegistration", "message": "", "user_id": 26, "role": "Netzbetreiber", "msg": "User registriert"}
{"timestamp": "2024-01-06 00:44:45,316", "level": "INFO", "name": "GreenEcoHubRegistration", "message": "", "user_id": 27, "role": "Netzbetreiber", "msg": "User registriert"}
{"timestamp": "2024-01-06 00:44:45,749", "level": "INFO", "name": "GreenEcoHubRegistration", "message": "", "user_id": 28, "role": "Netzbetreiber", "msg": "User registriert"}
{"timestamp": "2024-01-06 00:44:46,133", "level": "INFO", "name": "GreenEcoHubRegistration", "message": "", "user_id": 29, "role": "Solarteure", "msg": "User registriert"}
{"timestamp": "2024-01-06 00:44:46,517", "level": "INFO", "name": "GreenEcoHubRegistration", "message": "", "user_id": 30, "role": "Solarteure", "msg": "User registriert"}
{"timestamp": "2024-01-06 00:44:46,909", "level": "INFO", "name": "GreenEcoHubRegistration", "message": "", "user_id": 31, "role": "Solarteure", "msg": "User registriert"}
{"timestamp": "2024-01-06 00:44:47,284", "level": "INFO", "name": "GreenEcoHubRegistration", "message": "", "user_id": 32, "role": "Haushalte", "msg": "User registriert"}
{"timestamp": "2024-01-06 00:44:47,728", "level": "INFO", "name": "GreenEcoHubRegistration", "message": "", "user_id": 33, "role": "Solarteure", "msg": "User registriert"}
{"timestamp": "2024-01-06 00:44:48,136", "level": "INFO", "name": "GreenEcoHubRegistration", "message": "", "user_id": 34, "role": "Energieberatende", "msg": "User registriert"}
{"timestamp": "2024-01-06 00:44:48,499", "level": "INFO", "name": "GreenEcoHubRegistration", "message": "", "user_id": 35, "role": "Solarteure", "msg": "User registriert"}
{"timestamp": "2024-01-06 00:44:48,869", "level": "INFO", "name": "GreenEcoHubRegistration", "message": "", "user_id": 36, "role": "Energieberatende", "msg": "User registriert"}
{"timestamp": "2024-01-06 00:44:49,246", "level": "INFO", "name": "GreenEcoHubRegistration", "message": "", "user_id": 37, "role": "Solarteure", "msg": "User registriert"}
{"timestamp": "2024-01-06 00:44:49,611", "level": "INFO", "name": "GreenEcoHubRegistration", "message": "", "user_id": 38, "role": "Netzbetreiber", "msg": "User registriert"}
{"timestamp": "2024-01-06 00:44:49,977", "level": "INFO", "name": "GreenEcoHubRegistration", "message": "", "user_id": 39, "role": "Haushalte", "msg": "User registriert"}
{"timestamp": "2024-01-06 00:44:50,355", "level": "INFO", "name": "GreenEcoHubRegistration", "message": "", "user_id": 40, "role": "Energieberatende", "msg": "User registriert"}
{"timestamp": "2024-01-06 00:44:50,721", "level": "INFO", "name": "GreenEcoHubRegistration", "message": "", "user_id": 41, "role": "Energieberatende", "msg": "User registriert"}
{"timestamp": "2024-01-06 00:44:51,081", "level": "INFO", "name": "GreenEcoHubRegistration", "message": "", "user_id": 42, "role": "Solarteure", "msg": "User registriert"}
{"timestamp": "2024-01-06 00:44:51,448", "level": "INFO", "name": "GreenEcoHubRegistration", "message": "", "user_id": 43, "role": "Energieberatende", "msg": "User registriert"}
{"timestamp": "2024-01-06 00:44:51,821", "level": "INFO", "name": "GreenEcoHubRegistration", "message": "", "user_id": 44, "role": "Solarteure", "msg": "User registriert"}
{"timestamp": "2024-01-06 00:44:52,195", "level": "INFO", "name": "GreenEcoHubRegistration", "message": "", "user_id": 45, "role": "Solarteure", "msg": "User registriert"}
{"timestamp": "2024-01-06 00:44:52,558", "level": "INFO", "name": "GreenEcoHubRegistration", "message": "", "user_id": 46, "role": "Haushalte", "msg": "User registriert"}
{"timestamp": "2024-01-06 00:44:52,932", "level": "INFO", "name": "GreenEcoHubRegistration", "message": "", "user_id": 47, "role": "Haushalte", "msg": "User registriert"}
{"timestamp": "2024-01-06 00:44:53,300", "level": "INFO", "name": "GreenEcoHubRegistration", "message": "", "user_id": 48, "role": "Netzbetreiber", "msg": "User registriert"}
{"timestamp": "2024-01-06 00:44:53,660", "level": "INFO", "name": "GreenEcoHubRegistration", "message": "", "user_id": 49, "role": "Haushalte", "msg": "User registriert"}
{"timestamp": "2024-01-06 00:44:54,017", "level": "INFO", "name": "GreenEcoHubRegistration", "message": "", "user_id": 50, "role": "Haushalte", "msg": "User registriert"}
{"timestamp": "2024-01-06 00:44:54,374", "level": "INFO", "name": "GreenEcoHubRegistration", "message": "", "user_id": 51, "role": "Netzbetreiber", "msg": "User registriert"}
{"timestamp": "2024-01-06 00:44:54,738", "level": "INFO", "name": "GreenEcoHubRegistration", "message": "", "user_id": 52, "role": "Netzbetreiber", "msg": "User registriert"}
{"timestamp": "2024-01-06 00:44:55,138", "level": "INFO", "name": "GreenEcoHubRegistration", "message": "", "user_id": 53, "role": "Energieberatende", "msg": "User registriert"}
{"timestamp": "2024-01-06 17:58:21,752", "level": "INFO", "name": "GreenEcoHubRegistration", "message": "", "user_id": 54, "role": "Haushalte", "msg": "User registriert"}
{"timestamp": "2024-01-06 18:05:29,876", "level": "ERROR", "name": "GreenEcoHubRegistration", "message": "", "user_id": 0, "role": "unknown", "msg": "Email h@h.de bereits vergeben"}
{"timestamp": "2024-01-06 18:05:30,259", "level": "ERROR", "name": "GreenEcoHubRegistration", "message": "", "user_id": 0, "role": "unknown", "msg": "Email 1@0.de bereits vergeben"}
{"timestamp": "2024-01-06 18:05:30,610", "level": "ERROR", "name": "GreenEcoHubRegistration", "message": "", "user_id": 0, "role": "unknown", "msg": "Email n@b.de bereits vergeben"}
{"timestamp": "2024-01-06 18:05:30,978", "level": "INFO", "name": "GreenEcoHubRegistration", "message": "", "user_id": 55, "role": "Netzbetreiber", "msg": "User registriert"}
{"timestamp": "2024-01-06 18:05:31,343", "level": "INFO", "name": "GreenEcoHubRegistration", "message": "", "user_id": 56, "role": "Haushalte", "msg": "User registriert"}
{"timestamp": "2024-01-06 18:05:31,707", "level": "INFO", "name": "GreenEcoHubRegistration", "message": "", "user_id": 57, "role": "Netzbetreiber", "msg": "User registriert"}
{"timestamp": "2024-01-06 18:05:32,126", "level": "INFO", "name": "GreenEcoHubRegistration", "message": "", "user_id": 58, "role": "Haushalte", "msg": "User registriert"}
{"timestamp": "2024-01-06 18:05:32,502", "level": "INFO", "name": "GreenEcoHubRegistration", "message": "", "user_id": 59, "role": "Solarteure", "msg": "User registriert"}
{"timestamp": "2024-01-06 18:05:32,875", "level": "INFO", "name": "GreenEcoHubRegistration", "message": "", "user_id": 60, "role": "Energieberatende", "msg": "User registriert"}
{"timestamp": "2024-01-06 18:05:33,250", "level": "INFO", "name": "GreenEcoHubRegistration", "message": "", "user_id": 61, "role": "Haushalte", "msg": "User registriert"}
{"timestamp": "2024-01-06 18:05:33,624", "level": "INFO", "name": "GreenEcoHubRegistration", "message": "", "user_id": 62, "role": "Solarteure", "msg": "User registriert"}
{"timestamp": "2024-01-06 18:05:33,996", "level": "INFO", "name": "GreenEcoHubRegistration", "message": "", "user_id": 63, "role": "Netzbetreiber", "msg": "User registriert"}
{"timestamp": "2024-01-06 18:05:34,366", "level": "INFO", "name": "GreenEcoHubRegistration", "message": "", "user_id": 64, "role": "Solarteure", "msg": "User registriert"}
{"timestamp": "2024-01-06 18:05:34,739", "level": "INFO", "name": "GreenEcoHubRegistration", "message": "", "user_id": 65, "role": "Haushalte", "msg": "User registriert"}
{"timestamp": "2024-01-06 18:05:35,115", "level": "INFO", "name": "GreenEcoHubRegistration", "message": "", "user_id": 66, "role": "Energieberatende", "msg": "User registriert"}
{"timestamp": "2024-01-06 18:05:35,475", "level": "INFO", "name": "GreenEcoHubRegistration", "message": "", "user_id": 67, "role": "Solarteure", "msg": "User registriert"}
{"timestamp": "2024-01-06 18:05:35,842", "level": "INFO", "name": "GreenEcoHubRegistration", "message": "", "user_id": 68, "role": "Solarteure", "msg": "User registriert"}
{"timestamp": "2024-01-06 18:05:36,223", "level": "INFO", "name": "GreenEcoHubRegistration", "message": "", "user_id": 69, "role": "Energieberatende", "msg": "User registriert"}
{"timestamp": "2024-01-06 18:05:36,597", "level": "INFO", "name": "GreenEcoHubRegistration", "message": "", "user_id": 70, "role": "Haushalte", "msg": "User registriert"}
{"timestamp": "2024-01-06 18:05:36,963", "level": "INFO", "name": "GreenEcoHubRegistration", "message": "", "user_id": 71, "role": "Haushalte", "msg": "User registriert"}
{"timestamp": "2024-01-06 18:05:37,328", "level": "INFO", "name": "GreenEcoHubRegistration", "message": "", "user_id": 72, "role": "Haushalte", "msg": "User registriert"}
{"timestamp": "2024-01-06 18:05:37,750", "level": "INFO", "name": "GreenEcoHubRegistration", "message": "", "user_id": 73, "role": "Netzbetreiber", "msg": "User registriert"}
{"timestamp": "2024-01-06 18:05:38,121", "level": "INFO", "name": "GreenEcoHubRegistration", "message": "", "user_id": 74, "role": "Energieberatende", "msg": "User registriert"}
{"timestamp": "2024-01-06 18:05:38,485", "level": "INFO", "name": "GreenEcoHubRegistration", "message": "", "user_id": 75, "role": "Haushalte", "msg": "User registriert"}
{"timestamp": "2024-01-06 18:05:38,856", "level": "INFO", "name": "GreenEcoHubRegistration", "message": "", "user_id": 76, "role": "Haushalte", "msg": "User registriert"}
{"timestamp": "2024-01-06 18:05:39,223", "level": "INFO", "name": "GreenEcoHubRegistration", "message": "", "user_id": 77, "role": "Netzbetreiber", "msg": "User registriert"}
{"timestamp": "2024-01-06 18:05:39,579", "level": "INFO", "name": "GreenEcoHubRegistration", "message": "", "user_id": 78, "role": "Energieberatende", "msg": "User registriert"}
{"timestamp": "2024-01-06 18:05:39,947", "level": "INFO", "name": "GreenEcoHubRegistration", "message": "", "user_id": 79, "role": "Haushalte", "msg": "User registriert"}
{"timestamp": "2024-01-06 18:05:40,325", "level": "INFO", "name": "GreenEcoHubRegistration", "message": "", "user_id": 80, "role": "Solarteure", "msg": "User registriert"}
{"timestamp": "2024-01-06 18:05:40,682", "level": "INFO", "name": "GreenEcoHubRegistration", "message": "", "user_id": 81, "role": "Energieberatende", "msg": "User registriert"}
{"timestamp": "2024-01-06 18:05:41,046", "level": "INFO", "name": "GreenEcoHubRegistration", "message": "", "user_id": 82, "role": "Solarteure", "msg": "User registriert"}
{"timestamp": "2024-01-06 18:05:41,417", "level": "INFO", "name": "GreenEcoHubRegistration", "message": "", "user_id": 83, "role": "Netzbetreiber", "msg": "User registriert"}
{"timestamp": "2024-01-06 18:05:41,782", "level": "INFO", "name": "GreenEcoHubRegistration", "message": "", "user_id": 84, "role": "Solarteure", "msg": "User registriert"}
{"timestamp": "2024-01-06 18:05:42,158", "level": "INFO", "name": "GreenEcoHubRegistration", "message": "", "user_id": 85, "role": "Netzbetreiber", "msg": "User registriert"}
{"timestamp": "2024-01-06 18:05:42,524", "level": "INFO", "name": "GreenEcoHubRegistration", "message": "", "user_id": 86, "role": "Solarteure", "msg": "User registriert"}
{"timestamp": "2024-01-06 18:05:42,899", "level": "INFO", "name": "GreenEcoHubRegistration", "message": "", "user_id": 87, "role": "Netzbetreiber", "msg": "User registriert"}
{"timestamp": "2024-01-06 18:05:43,276", "level": "INFO", "name": "GreenEcoHubRegistration", "message": "", "user_id": 88, "role": "Energieberatende", "msg": "User registriert"}
{"timestamp": "2024-01-06 18:05:43,644", "level": "INFO", "name": "GreenEcoHubRegistration", "message": "", "user_id": 89, "role": "Energieberatende", "msg": "User registriert"}
{"timestamp": "2024-01-06 18:05:44,019", "level": "INFO", "name": "GreenEcoHubRegistration", "message": "", "user_id": 90, "role": "Haushalte", "msg": "User registriert"}
{"timestamp": "2024-01-06 18:05:44,381", "level": "INFO", "name": "GreenEcoHubRegistration", "message": "", "user_id": 91, "role": "Energieberatende", "msg": "User registriert"}
{"timestamp": "2024-01-06 18:05:44,748", "level": "INFO", "name": "GreenEcoHubRegistration", "message": "", "user_id": 92, "role": "Netzbetreiber", "msg": "User registriert"}
{"timestamp": "2024-01-06 18:05:45,119", "level": "INFO", "name": "GreenEcoHubRegistration", "message": "", "user_id": 93, "role": "Haushalte", "msg": "User registriert"}
{"timestamp": "2024-01-06 18:05:45,506", "level": "INFO", "name": "GreenEcoHubRegistration", "message": "", "user_id": 94, "role": "Solarteure", "msg": "User registriert"}
{"timestamp": "2024-01-06 18:05:45,881", "level": "INFO", "name": "GreenEcoHubRegistration", "message": "", "user_id": 95, "role": "Netzbetreiber", "msg": "User registriert"}
{"timestamp": "2024-01-06 18:05:46,259", "level": "INFO", "name": "GreenEcoHubRegistration", "message": "", "user_id": 96, "role": "Solarteure", "msg": "User registriert"}
{"timestamp": "2024-01-06 18:05:46,645", "level": "INFO", "name": "GreenEcoHubRegistration", "message": "", "user_id": 97, "role": "Solarteure", "msg": "User registriert"}
{"timestamp": "2024-01-06 18:05:47,110", "level": "INFO", "name": "GreenEcoHubRegistration", "message": "", "user_id": 98, "role": "Energieberatende", "msg": "User registriert"}
{"timestamp": "2024-01-06 18:05:47,486", "level": "INFO", "name": "GreenEcoHubRegistration", "message": "", "user_id": 99, "role": "Haushalte", "msg": "User registriert"}
{"timestamp": "2024-01-06 18:05:47,853", "level": "INFO", "name": "GreenEcoHubRegistration", "message": "", "user_id": 100, "role": "Netzbetreiber", "msg": "User registriert"}
{"timestamp": "2024-01-06 18:05:48,219", "level": "INFO", "name": "GreenEcoHubRegistration", "message": "", "user_id": 101, "role": "Haushalte", "msg": "User registriert"}
{"timestamp": "2024-01-06 18:05:48,590", "level": "INFO", "name": "GreenEcoHubRegistration", "message": "", "user_id": 102, "role": "Energieberatende", "msg": "User registriert"}
{"timestamp": "2024-01-06 18:05:48,969", "level": "INFO", "name": "GreenEcoHubRegistration", "message": "", "user_id": 103, "role": "Solarteure", "msg": "User registriert"}
{"timestamp": "2024-01-06 18:05:49,411", "level": "INFO", "name": "GreenEcoHubRegistration", "message": "", "user_id": 104, "role": "Netzbetreiber", "msg": "User registriert"}
{"timestamp": "2024-01-07 21:03:19,356", "level": "INFO", "name": "GreenEcoHubRegistration", "message": "", "user_id": 105, "role": "Solarteure", "msg": "User registriert"}
{"timestamp": "2024-01-07 22:54:51,978", "level": "ERROR", "name": "GreenEcoHubRegistration", "message": "", "user_id": 0, "role": "unknown", "msg": "Email h@h.de bereits vergeben"}
{"timestamp": "2024-01-07 22:54:58,740", "level": "ERROR", "name": "GreenEcoHubRegistration", "message": "", "user_id": 0, "role": "unknown", "msg": "Email 1@0.de bereits vergeben"}
{"timestamp": "2024-01-07 22:54:59,236", "level": "ERROR", "name": "GreenEcoHubRegistration", "message": "", "user_id": 0, "role": "unknown", "msg": "Email n@b.de bereits vergeben"}
{"timestamp": "2024-01-07 22:54:59,768", "level": "INFO", "name": "GreenEcoHubRegistration", "message": "", "user_id": 106, "role": "Solarteure", "msg": "User registriert"}
{"timestamp": "2024-01-07 22:55:00,380", "level": "INFO", "name": "GreenEcoHubRegistration", "message": "", "user_id": 107, "role": "Solarteure", "msg": "User registriert"}
{"timestamp": "2024-01-07 22:55:01,088", "level": "INFO", "name": "GreenEcoHubRegistration", "message": "", "user_id": 108, "role": "Energieberatende", "msg": "User registriert"}
{"timestamp": "2024-01-07 22:55:01,656", "level": "INFO", "name": "GreenEcoHubRegistration", "message": "", "user_id": 109, "role": "Netzbetreiber", "msg": "User registriert"}
{"timestamp": "2024-01-07 22:55:02,107", "level": "INFO", "name": "GreenEcoHubRegistration", "message": "", "user_id": 110, "role": "Solarteure", "msg": "User registriert"}
{"timestamp": "2024-01-07 22:55:02,820", "level": "INFO", "name": "GreenEcoHubRegistration", "message": "", "user_id": 111, "role": "Solarteure", "msg": "User registriert"}
{"timestamp": "2024-01-07 22:55:03,528", "level": "INFO", "name": "GreenEcoHubRegistration", "message": "", "user_id": 112, "role": "Energieberatende", "msg": "User registriert"}
{"timestamp": "2024-01-07 22:55:04,246", "level": "INFO", "name": "GreenEcoHubRegistration", "message": "", "user_id": 113, "role": "Energieberatende", "msg": "User registriert"}
{"timestamp": "2024-01-07 22:55:04,675", "level": "INFO", "name": "GreenEcoHubRegistration", "message": "", "user_id": 114, "role": "Energieberatende", "msg": "User registriert"}
{"timestamp": "2024-01-07 22:55:05,056", "level": "INFO", "name": "GreenEcoHubRegistration", "message": "", "user_id": 115, "role": "Energieberatende", "msg": "User registriert"}
{"timestamp": "2024-01-07 22:55:05,439", "level": "INFO", "name": "GreenEcoHubRegistration", "message": "", "user_id": 116, "role": "Solarteure", "msg": "User registriert"}
{"timestamp": "2024-01-07 22:55:05,867", "level": "INFO", "name": "GreenEcoHubRegistration", "message": "", "user_id": 117, "role": "Solarteure", "msg": "User registriert"}
{"timestamp": "2024-01-07 22:55:06,450", "level": "INFO", "name": "GreenEcoHubRegistration", "message": "", "user_id": 118, "role": "Solarteure", "msg": "User registriert"}
{"timestamp": "2024-01-07 22:55:06,939", "level": "INFO", "name": "GreenEcoHubRegistration", "message": "", "user_id": 119, "role": "Solarteure", "msg": "User registriert"}
{"timestamp": "2024-01-07 22:55:07,501", "level": "INFO", "name": "GreenEcoHubRegistration", "message": "", "user_id": 120, "role": "Haushalte", "msg": "User registriert"}
{"timestamp": "2024-01-07 22:55:08,127", "level": "INFO", "name": "GreenEcoHubRegistration", "message": "", "user_id": 121, "role": "Energieberatende", "msg": "User registriert"}
{"timestamp": "2024-01-07 22:55:08,821", "level": "INFO", "name": "GreenEcoHubRegistration", "message": "", "user_id": 122, "role": "Energieberatende", "msg": "User registriert"}
{"timestamp": "2024-01-07 22:55:09,353", "level": "INFO", "name": "GreenEcoHubRegistration", "message": "", "user_id": 123, "role": "Energieberatende", "msg": "User registriert"}
{"timestamp": "2024-01-07 22:55:09,854", "level": "INFO", "name": "GreenEcoHubRegistration", "message": "", "user_id": 124, "role": "Energieberatende", "msg": "User registriert"}
{"timestamp": "2024-01-07 22:55:10,569", "level": "INFO", "name": "GreenEcoHubRegistration", "message": "", "user_id": 125, "role": "Solarteure", "msg": "User registriert"}
{"timestamp": "2024-01-07 22:55:11,277", "level": "INFO", "name": "GreenEcoHubRegistration", "message": "", "user_id": 126, "role": "Energieberatende", "msg": "User registriert"}
{"timestamp": "2024-01-07 22:55:11,978", "level": "INFO", "name": "GreenEcoHubRegistration", "message": "", "user_id": 127, "role": "Haushalte", "msg": "User registriert"}
{"timestamp": "2024-01-07 22:55:12,398", "level": "INFO", "name": "GreenEcoHubRegistration", "message": "", "user_id": 128, "role": "Solarteure", "msg": "User registriert"}
{"timestamp": "2024-01-07 22:55:12,779", "level": "INFO", "name": "GreenEcoHubRegistration", "message": "", "user_id": 129, "role": "Energieberatende", "msg": "User registriert"}
{"timestamp": "2024-01-07 22:55:13,159", "level": "INFO", "name": "GreenEcoHubRegistration", "message": "", "user_id": 130, "role": "Energieberatende", "msg": "User registriert"}
{"timestamp": "2024-01-07 22:55:13,547", "level": "INFO", "name": "GreenEcoHubRegistration", "message": "", "user_id": 131, "role": "Solarteure", "msg": "User registriert"}
{"timestamp": "2024-01-07 22:55:13,927", "level": "INFO", "name": "GreenEcoHubRegistration", "message": "", "user_id": 132, "role": "Solarteure", "msg": "User registriert"}
{"timestamp": "2024-01-07 22:55:14,308", "level": "INFO", "name": "GreenEcoHubRegistration", "message": "", "user_id": 133, "role": "Haushalte", "msg": "User registriert"}
{"timestamp": "2024-01-07 22:55:14,687", "level": "INFO", "name": "GreenEcoHubRegistration", "message": "", "user_id": 134, "role": "Netzbetreiber", "msg": "User registriert"}
{"timestamp": "2024-01-07 22:55:15,205", "level": "INFO", "name": "GreenEcoHubRegistration", "message": "", "user_id": 135, "role": "Solarteure", "msg": "User registriert"}
{"timestamp": "2024-01-07 22:55:15,837", "level": "INFO", "name": "GreenEcoHubRegistration", "message": "", "user_id": 136, "role": "Haushalte", "msg": "User registriert"}
{"timestamp": "2024-01-07 22:55:16,544", "level": "INFO", "name": "GreenEcoHubRegistration", "message": "", "user_id": 137, "role": "Solarteure", "msg": "User registriert"}
{"timestamp": "2024-01-07 22:55:17,099", "level": "INFO", "name": "GreenEcoHubRegistration", "message": "", "user_id": 138, "role": "Energieberatende", "msg": "User registriert"}
{"timestamp": "2024-01-07 22:55:17,515", "level": "INFO", "name": "GreenEcoHubRegistration", "message": "", "user_id": 139, "role": "Netzbetreiber", "msg": "User registriert"}
{"timestamp": "2024-01-07 22:55:18,200", "level": "INFO", "name": "GreenEcoHubRegistration", "message": "", "user_id": 140, "role": "Haushalte", "msg": "User registriert"}
{"timestamp": "2024-01-07 22:55:18,758", "level": "INFO", "name": "GreenEcoHubRegistration", "message": "", "user_id": 141, "role": "Haushalte", "msg": "User registriert"}
{"timestamp": "2024-01-07 22:55:19,317", "level": "INFO", "name": "GreenEcoHubRegistration", "message": "", "user_id": 142, "role": "Solarteure", "msg": "User registriert"}
{"timestamp": "2024-01-07 22:55:19,759", "level": "INFO", "name": "GreenEcoHubRegistration", "message": "", "user_id": 143, "role": "Netzbetreiber", "msg": "User registriert"}
{"timestamp": "2024-01-07 22:55:20,143", "level": "INFO", "name": "GreenEcoHubRegistration", "message": "", "user_id": 144, "role": "Netzbetreiber", "msg": "User registriert"}
{"timestamp": "2024-01-07 22:55:20,529", "level": "INFO", "name": "GreenEcoHubRegistration", "message": "", "user_id": 145, "role": "Haushalte", "msg": "User registriert"}
{"timestamp": "2024-01-07 22:55:20,910", "level": "INFO", "name": "GreenEcoHubRegistration", "message": "", "user_id": 146, "role": "Solarteure", "msg": "User registriert"}
{"timestamp": "2024-01-07 22:55:21,276", "level": "INFO", "name": "GreenEcoHubRegistration", "message": "", "user_id": 147, "role": "Haushalte", "msg": "User registriert"}
{"timestamp": "2024-01-07 22:55:21,671", "level": "INFO", "name": "GreenEcoHubRegistration", "message": "", "user_id": 148, "role": "Solarteure", "msg": "User registriert"}
{"timestamp": "2024-01-07 22:55:22,204", "level": "INFO", "name": "GreenEcoHubRegistration", "message": "", "user_id": 149, "role": "Energieberatende", "msg": "User registriert"}
{"timestamp": "2024-01-07 22:55:22,781", "level": "INFO", "name": "GreenEcoHubRegistration", "message": "", "user_id": 150, "role": "Haushalte", "msg": "User registriert"}
{"timestamp": "2024-01-07 22:55:23,414", "level": "INFO", "name": "GreenEcoHubRegistration", "message": "", "user_id": 151, "role": "Netzbetreiber", "msg": "User registriert"}
{"timestamp": "2024-01-07 22:55:23,850", "level": "INFO", "name": "GreenEcoHubRegistration", "message": "", "user_id": 152, "role": "Haushalte", "msg": "User registriert"}
{"timestamp": "2024-01-07 22:55:24,306", "level": "INFO", "name": "GreenEcoHubRegistration", "message": "", "user_id": 153, "role": "Energieberatende", "msg": "User registriert"}
{"timestamp": "2024-01-07 22:55:24,682", "level": "INFO", "name": "GreenEcoHubRegistration", "message": "", "user_id": 154, "role": "Netzbetreiber", "msg": "User registriert"}
{"timestamp": "2024-01-07 22:55:25,065", "level": "INFO", "name": "GreenEcoHubRegistration", "message": "", "user_id": 155, "role": "Energieberatende", "msg": "User registriert"}
{"timestamp": "2024-01-07 22:55:25,447", "level": "INFO", "name": "GreenEcoHubRegistration", "message": "", "user_id": 156, "role": "Haushalte", "msg": "User registriert"}
{"timestamp": "2024-01-07 22:55:25,832", "level": "INFO", "name": "GreenEcoHubRegistration", "message": "", "user_id": 157, "role": "Solarteure", "msg": "User registriert"}
{"timestamp": "2024-01-07 22:57:24,290", "level": "ERROR", "name": "GreenEcoHubRegistration", "message": "", "user_id": 0, "role": "unknown", "msg": "Email h@h.de bereits vergeben"}
{"timestamp": "2024-01-07 22:57:24,950", "level": "ERROR", "name": "GreenEcoHubRegistration", "message": "", "user_id": 0, "role": "unknown", "msg": "Email 1@0.de bereits vergeben"}
{"timestamp": "2024-01-07 22:57:25,649", "level": "ERROR", "name": "GreenEcoHubRegistration", "message": "", "user_id": 0, "role": "unknown", "msg": "Email n@b.de bereits vergeben"}
{"timestamp": "2024-01-07 22:57:26,180", "level": "ERROR", "name": "GreenEcoHubRegistration", "message": "", "user_id": 0, "role": "unknown", "msg": "Email s@s.de bereits vergeben"}
{"timestamp": "2024-01-07 22:57:26,872", "level": "INFO", "name": "GreenEcoHubRegistration", "message": "", "user_id": 158, "role": "Energieberatende", "msg": "User registriert"}
{"timestamp": "2024-01-07 22:57:27,408", "level": "INFO", "name": "GreenEcoHubRegistration", "message": "", "user_id": 159, "role": "Solarteure", "msg": "User registriert"}
{"timestamp": "2024-01-07 22:57:27,842", "level": "INFO", "name": "GreenEcoHubRegistration", "message": "", "user_id": 160, "role": "Energieberatende", "msg": "User registriert"}
{"timestamp": "2024-01-07 22:57:28,410", "level": "INFO", "name": "GreenEcoHubRegistration", "message": "", "user_id": 161, "role": "Haushalte", "msg": "User registriert"}
{"timestamp": "2024-01-07 22:57:29,107", "level": "INFO", "name": "GreenEcoHubRegistration", "message": "", "user_id": 162, "role": "Haushalte", "msg": "User registriert"}
{"timestamp": "2024-01-07 22:57:29,732", "level": "INFO", "name": "GreenEcoHubRegistration", "message": "", "user_id": 163, "role": "Energieberatende", "msg": "User registriert"}
{"timestamp": "2024-01-07 22:57:30,238", "level": "INFO", "name": "GreenEcoHubRegistration", "message": "", "user_id": 164, "role": "Netzbetreiber", "msg": "User registriert"}
{"timestamp": "2024-01-07 22:57:30,839", "level": "INFO", "name": "GreenEcoHubRegistration", "message": "", "user_id": 165, "role": "Solarteure", "msg": "User registriert"}
{"timestamp": "2024-01-07 22:57:31,532", "level": "INFO", "name": "GreenEcoHubRegistration", "message": "", "user_id": 166, "role": "Haushalte", "msg": "User registriert"}
{"timestamp": "2024-01-07 22:57:32,095", "level": "INFO", "name": "GreenEcoHubRegistration", "message": "", "user_id": 167, "role": "Energieberatende", "msg": "User registriert"}
{"timestamp": "2024-01-07 22:57:32,470", "level": "INFO", "name": "GreenEcoHubRegistration", "message": "", "user_id": 168, "role": "Solarteure", "msg": "User registriert"}
{"timestamp": "2024-01-07 22:57:32,853", "level": "INFO", "name": "GreenEcoHubRegistration", "message": "", "user_id": 169, "role": "Haushalte", "msg": "User registriert"}
{"timestamp": "2024-01-07 22:57:33,232", "level": "INFO", "name": "GreenEcoHubRegistration", "message": "", "user_id": 170, "role": "Netzbetreiber", "msg": "User registriert"}
{"timestamp": "2024-01-07 22:57:33,757", "level": "INFO", "name": "GreenEcoHubRegistration", "message": "", "user_id": 171, "role": "Haushalte", "msg": "User registriert"}
{"timestamp": "2024-01-07 22:57:34,137", "level": "INFO", "name": "GreenEcoHubRegistration", "message": "", "user_id": 172, "role": "Energieberatende", "msg": "User registriert"}
{"timestamp": "2024-01-07 22:57:34,735", "level": "INFO", "name": "GreenEcoHubRegistration", "message": "", "user_id": 173, "role": "Netzbetreiber", "msg": "User registriert"}
{"timestamp": "2024-01-07 22:57:35,403", "level": "INFO", "name": "GreenEcoHubRegistration", "message": "", "user_id": 174, "role": "Haushalte", "msg": "User registriert"}
{"timestamp": "2024-01-07 22:57:35,911", "level": "INFO", "name": "GreenEcoHubRegistration", "message": "", "user_id": 175, "role": "Haushalte", "msg": "User registriert"}
{"timestamp": "2024-01-07 22:57:36,315", "level": "INFO", "name": "GreenEcoHubRegistration", "message": "", "user_id": 176, "role": "Haushalte", "msg": "User registriert"}
{"timestamp": "2024-01-07 22:57:36,694", "level": "INFO", "name": "GreenEcoHubRegistration", "message": "", "user_id": 177, "role": "Energieberatende", "msg": "User registriert"}
{"timestamp": "2024-01-07 22:57:37,078", "level": "INFO", "name": "GreenEcoHubRegistration", "message": "", "user_id": 178, "role": "Netzbetreiber", "msg": "User registriert"}
{"timestamp": "2024-01-07 22:57:37,769", "level": "INFO", "name": "GreenEcoHubRegistration", "message": "", "user_id": 179, "role": "Energieberatende", "msg": "User registriert"}
{"timestamp": "2024-01-07 22:57:38,474", "level": "INFO", "name": "GreenEcoHubRegistration", "message": "", "user_id": 180, "role": "Energieberatende", "msg": "User registriert"}
{"timestamp": "2024-01-18 15:34:16,173", "level": "INFO", "name": "GreenEcoHubRegistration", "message": "", "user_id": 181, "role": "Solarteure", "msg": "User registriert"}
{"timestamp": "2024-01-18 15:34:39,091", "level": "ERROR", "name": "GreenEcoHubRegistration", "message": "", "user_id": 0, "role": "unknown", "msg": "Email a@s.de bereits vergeben"}
{"timestamp": "2024-01-18 15:36:52,397", "level": "ERROR", "name": "GreenEcoHubRegistration", "message": "", "user_id": 0, "role": "unknown", "msg": "Es gab folgenden SQL Fehler: <class 'asyncpg.exceptions.NotNullViolationError'>: null value in column \"user_id\" violates not-null constraint\nDETAIL:  Failing row contains (null)."}
{"timestamp": "2024-01-18 15:50:28,006", "level": "ERROR", "name": "GreenEcoHubRegistration", "message": "", "user_id": 0, "role": "unknown", "msg": "Es gab folgenden SQL Fehler: <class 'asyncpg.exceptions.NotNullViolationError'>: null value in column \"user_id\" violates not-null constraint\nDETAIL:  Failing row contains (null)."}
{"timestamp": "2024-01-18 15:53:41,451", "level": "ERROR", "name": "GreenEcoHubRegistration", "message": "", "user_id": 0, "role": "unknown", "msg": "Es gab folgenden SQL Fehler: <class 'asyncpg.exceptions.NotNullViolationError'>: null value in column \"user_id\" violates not-null constraint\nDETAIL:  Failing row contains (null)."}
{"timestamp": "2024-01-18 15:55:56,929", "level": "ERROR", "name": "GreenEcoHubRegistration", "message": "", "user_id": 0, "role": "unknown", "msg": "Es gab folgenden SQL Fehler: <class 'asyncpg.exceptions.NotNullViolationError'>: null value in column \"user_id\" violates not-null constraint\nDETAIL:  Failing row contains (null)."}
{"timestamp": "2024-01-18 15:58:04,961", "level": "ERROR", "name": "GreenEcoHubRegistration", "message": "", "user_id": 0, "role": "unknown", "msg": "Es gab folgenden SQL Fehler: <class 'asyncpg.exceptions.NotNullViolationError'>: null value in column \"user_id\" violates not-null constraint\nDETAIL:  Failing row contains (null)."}
{"timestamp": "2024-01-18 16:13:12,331", "level": "ERROR", "name": "GreenEcoHubRegistration", "message": "", "user_id": 0, "role": "unknown", "msg": "Es gab folgenden SQL Fehler: <class 'asyncpg.exceptions.NotNullViolationError'>: null value in column \"user_id\" violates not-null constraint\nDETAIL:  Failing row contains (null)."}
{"timestamp": "2024-01-18 16:13:47,969", "level": "INFO", "name": "GreenEcoHubRegistration", "message": "", "user_id": 188, "role": "Solarteure", "msg": "User registriert"}
{"timestamp": "2024-01-18 16:15:15,099", "level": "INFO", "name": "GreenEcoHubRegistration", "message": "", "user_id": 189, "role": "Solarteure", "msg": "User registriert"}
{"timestamp": "2024-01-18 16:15:30,822", "level": "ERROR", "name": "GreenEcoHubRegistration", "message": "", "user_id": 0, "role": "unknown", "msg": "Email 3a2@s335.deewrdr bereits vergeben"}
{"timestamp": "2024-01-18 16:17:19,620", "level": "INFO", "name": "GreenEcoHubRegistration", "message": "", "user_id": 190, "role": "Solarteure", "msg": "User registriert"}
{"timestamp": "2024-01-18 16:19:25,386", "level": "ERROR", "name": "GreenEcoHubRegistration", "message": "", "user_id": 0, "role": "unknown", "msg": "Email 3a2@s335.deewrdrr bereits vergeben"}
{"timestamp": "2024-01-18 16:19:30,544", "level": "ERROR", "name": "GreenEcoHubRegistration", "message": "", "user_id": 0, "role": "unknown", "msg": "Es gab folgenden SQL Fehler: <class 'asyncpg.exceptions.NotNullViolationError'>: null value in column \"user_id\" violates not-null constraint\nDETAIL:  Failing row contains (null)."}
{"timestamp": "2024-01-18 16:19:49,133", "level": "ERROR", "name": "GreenEcoHubRegistration", "message": "", "user_id": 0, "role": "unknown", "msg": "Email 3a2@s33e5.deewrdrr bereits vergeben"}
{"timestamp": "2024-01-18 16:23:37,598", "level": "ERROR", "name": "GreenEcoHubRegistration", "message": "", "user_id": 0, "role": "unknown", "msg": "Es gab folgenden SQL Fehler: <class 'asyncpg.exceptions.NotNullViolationError'>: null value in column \"user_id\" violates not-null constraint\nDETAIL:  Failing row contains (null)."}
{"timestamp": "2024-01-18 16:23:51,580", "level": "ERROR", "name": "GreenEcoHubRegistration", "message": "", "user_id": 0, "role": "unknown", "msg": "Email 3ea2@s33e5.deewrdrr bereits vergeben"}
{"timestamp": "2024-01-18 16:35:46,582", "level": "ERROR", "name": "GreenEcoHubRegistration", "message": "", "user_id": 0, "role": "unknown", "msg": "Email h@h.de bereits vergeben"}
{"timestamp": "2024-01-18 16:35:46,957", "level": "ERROR", "name": "GreenEcoHubRegistration", "message": "", "user_id": 0, "role": "unknown", "msg": "Email 1@0.de bereits vergeben"}
{"timestamp": "2024-01-18 16:35:47,326", "level": "ERROR", "name": "GreenEcoHubRegistration", "message": "", "user_id": 0, "role": "unknown", "msg": "Email n@b.de bereits vergeben"}
{"timestamp": "2024-01-18 16:35:47,700", "level": "ERROR", "name": "GreenEcoHubRegistration", "message": "", "user_id": 0, "role": "unknown", "msg": "Email s@s.de bereits vergeben"}
{"timestamp": "2024-01-18 16:36:23,649", "level": "ERROR", "name": "GreenEcoHubRegistration", "message": "", "user_id": 0, "role": "unknown", "msg": "Email h@h.de bereits vergeben"}
{"timestamp": "2024-01-18 16:36:24,073", "level": "ERROR", "name": "GreenEcoHubRegistration", "message": "", "user_id": 0, "role": "unknown", "msg": "Email 1@0.de bereits vergeben"}
{"timestamp": "2024-01-18 16:36:24,449", "level": "ERROR", "name": "GreenEcoHubRegistration", "message": "", "user_id": 0, "role": "unknown", "msg": "Email n@b.de bereits vergeben"}
{"timestamp": "2024-01-18 16:36:24,820", "level": "ERROR", "name": "GreenEcoHubRegistration", "message": "", "user_id": 0, "role": "unknown", "msg": "Email s@s.de bereits vergeben"}
{"timestamp": "2024-01-18 16:36:25,192", "level": "ERROR", "name": "GreenEcoHubRegistration", "message": "", "user_id": 0, "role": "unknown", "msg": "Email e@b.de bereits vergeben"}
{"timestamp": "2024-01-18 16:43:15,068", "level": "ERROR", "name": "GreenEcoHubRegistration", "message": "", "user_id": 0, "role": "unknown", "msg": "Email h@h.de bereits vergeben"}
{"timestamp": "2024-01-18 16:43:15,441", "level": "ERROR", "name": "GreenEcoHubRegistration", "message": "", "user_id": 0, "role": "unknown", "msg": "Email 1@0.de bereits vergeben"}
{"timestamp": "2024-01-18 16:43:15,816", "level": "ERROR", "name": "GreenEcoHubRegistration", "message": "", "user_id": 0, "role": "unknown", "msg": "Email n@b.de bereits vergeben"}
{"timestamp": "2024-01-18 16:43:16,194", "level": "ERROR", "name": "GreenEcoHubRegistration", "message": "", "user_id": 0, "role": "unknown", "msg": "Email s@s.de bereits vergeben"}
{"timestamp": "2024-01-18 16:43:16,575", "level": "ERROR", "name": "GreenEcoHubRegistration", "message": "", "user_id": 0, "role": "unknown", "msg": "Email e@b.de bereits vergeben"}
{"timestamp": "2024-01-18 16:43:33,394", "level": "INFO", "name": "GreenEcoHubRegistration", "message": "", "user_id": 26, "role": "Netzbetreiber", "msg": "User registriert"}
{"timestamp": "2024-01-18 16:43:47,865", "level": "INFO", "name": "GreenEcoHubRegistration", "message": "", "user_id": 27, "role": "Netzbetreiber", "msg": "User registriert"}
{"timestamp": "2024-01-18 16:43:52,960", "level": "INFO", "name": "GreenEcoHubRegistration", "message": "", "user_id": 30, "role": "Netzbetreiber", "msg": "User registriert"}
{"timestamp": "2024-01-18 16:43:53,360", "level": "INFO", "name": "GreenEcoHubRegistration", "message": "", "user_id": 31, "role": "Netzbetreiber", "msg": "User registriert"}
{"timestamp": "2024-01-18 16:43:56,864", "level": "INFO", "name": "GreenEcoHubRegistration", "message": "", "user_id": 40, "role": "Netzbetreiber", "msg": "User registriert"}
{"timestamp": "2024-01-18 16:43:57,262", "level": "INFO", "name": "GreenEcoHubRegistration", "message": "", "user_id": 41, "role": "Netzbetreiber", "msg": "User registriert"}
{"timestamp": "2024-01-18 16:43:58,049", "level": "INFO", "name": "GreenEcoHubRegistration", "message": "", "user_id": 43, "role": "Netzbetreiber", "msg": "User registriert"}
{"timestamp": "2024-01-18 16:44:00,397", "level": "INFO", "name": "GreenEcoHubRegistration", "message": "", "user_id": 49, "role": "Netzbetreiber", "msg": "User registriert"}
{"timestamp": "2024-01-18 16:44:00,790", "level": "INFO", "name": "GreenEcoHubRegistration", "message": "", "user_id": 50, "role": "Netzbetreiber", "msg": "User registriert"}
{"timestamp": "2024-01-18 16:44:01,589", "level": "INFO", "name": "GreenEcoHubRegistration", "message": "", "user_id": 52, "role": "Netzbetreiber", "msg": "User registriert"}
{"timestamp": "2024-01-18 16:44:02,053", "level": "INFO", "name": "GreenEcoHubRegistration", "message": "", "user_id": 53, "role": "Netzbetreiber", "msg": "User registriert"}
{"timestamp": "2024-01-18 16:44:04,827", "level": "INFO", "name": "GreenEcoHubRegistration", "message": "", "user_id": 60, "role": "Netzbetreiber", "msg": "User registriert"}
{"timestamp": "2024-01-18 16:44:48,332", "level": "ERROR", "name": "GreenEcoHubRegistration", "message": "", "user_id": 0, "role": "unknown", "msg": "Email h@h.de bereits vergeben"}
{"timestamp": "2024-01-18 16:44:48,716", "level": "ERROR", "name": "GreenEcoHubRegistration", "message": "", "user_id": 0, "role": "unknown", "msg": "Email 1@0.de bereits vergeben"}
{"timestamp": "2024-01-18 16:44:49,088", "level": "ERROR", "name": "GreenEcoHubRegistration", "message": "", "user_id": 0, "role": "unknown", "msg": "Email n@b.de bereits vergeben"}
{"timestamp": "2024-01-18 16:44:49,462", "level": "ERROR", "name": "GreenEcoHubRegistration", "message": "", "user_id": 0, "role": "unknown", "msg": "Email s@s.de bereits vergeben"}
{"timestamp": "2024-01-18 16:44:49,835", "level": "ERROR", "name": "GreenEcoHubRegistration", "message": "", "user_id": 0, "role": "unknown", "msg": "Email e@b.de bereits vergeben"}
{"timestamp": "2024-01-18 16:44:50,254", "level": "INFO", "name": "GreenEcoHubRegistration", "message": "", "user_id": 62, "role": "Netzbetreiber", "msg": "User registriert"}
{"timestamp": "2024-01-18 16:44:50,651", "level": "INFO", "name": "GreenEcoHubRegistration", "message": "", "user_id": 63, "role": "Netzbetreiber", "msg": "User registriert"}
{"timestamp": "2024-01-18 16:44:52,248", "level": "INFO", "name": "GreenEcoHubRegistration", "message": "", "user_id": 67, "role": "Netzbetreiber", "msg": "User registriert"}
{"timestamp": "2024-01-18 16:44:53,428", "level": "INFO", "name": "GreenEcoHubRegistration", "message": "", "user_id": 70, "role": "Netzbetreiber", "msg": "User registriert"}
{"timestamp": "2024-01-18 16:44:53,827", "level": "INFO", "name": "GreenEcoHubRegistration", "message": "", "user_id": 71, "role": "Netzbetreiber", "msg": "User registriert"}
{"timestamp": "2024-01-18 16:44:57,460", "level": "INFO", "name": "GreenEcoHubRegistration", "message": "", "user_id": 80, "role": "Netzbetreiber", "msg": "User registriert"}
{"timestamp": "2024-01-18 16:44:57,865", "level": "INFO", "name": "GreenEcoHubRegistration", "message": "", "user_id": 81, "role": "Netzbetreiber", "msg": "User registriert"}
{"timestamp": "2024-01-18 16:44:58,263", "level": "INFO", "name": "GreenEcoHubRegistration", "message": "", "user_id": 82, "role": "Netzbetreiber", "msg": "User registriert"}
{"timestamp": "2024-01-18 16:45:43,863", "level": "ERROR", "name": "GreenEcoHubRegistration", "message": "", "user_id": 0, "role": "unknown", "msg": "Email h@h.de bereits vergeben"}
{"timestamp": "2024-01-18 16:45:44,240", "level": "ERROR", "name": "GreenEcoHubRegistration", "message": "", "user_id": 0, "role": "unknown", "msg": "Email 1@0.de bereits vergeben"}
{"timestamp": "2024-01-18 16:45:44,614", "level": "ERROR", "name": "GreenEcoHubRegistration", "message": "", "user_id": 0, "role": "unknown", "msg": "Email n@b.de bereits vergeben"}
{"timestamp": "2024-01-18 16:45:44,987", "level": "ERROR", "name": "GreenEcoHubRegistration", "message": "", "user_id": 0, "role": "unknown", "msg": "Email s@s.de bereits vergeben"}
{"timestamp": "2024-01-18 16:45:45,364", "level": "ERROR", "name": "GreenEcoHubRegistration", "message": "", "user_id": 0, "role": "unknown", "msg": "Email e@b.de bereits vergeben"}
{"timestamp": "2024-01-18 16:45:45,771", "level": "INFO", "name": "GreenEcoHubRegistration", "message": "", "user_id": 85, "role": "Solarteure", "msg": "User registriert"}
{"timestamp": "2024-01-18 16:45:46,161", "level": "INFO", "name": "GreenEcoHubRegistration", "message": "", "user_id": 86, "role": "Solarteure", "msg": "User registriert"}
{"timestamp": "2024-01-18 16:45:46,544", "level": "INFO", "name": "GreenEcoHubRegistration", "message": "", "user_id": 87, "role": "Energieberatende", "msg": "User registriert"}
{"timestamp": "2024-01-18 16:45:46,937", "level": "INFO", "name": "GreenEcoHubRegistration", "message": "", "user_id": 88, "role": "Haushalte", "msg": "User registriert"}
{"timestamp": "2024-01-18 16:45:47,325", "level": "INFO", "name": "GreenEcoHubRegistration", "message": "", "user_id": 89, "role": "Haushalte", "msg": "User registriert"}
{"timestamp": "2024-01-18 16:45:47,718", "level": "INFO", "name": "GreenEcoHubRegistration", "message": "", "user_id": 90, "role": "Solarteure", "msg": "User registriert"}
{"timestamp": "2024-01-18 16:45:48,136", "level": "INFO", "name": "GreenEcoHubRegistration", "message": "", "user_id": 91, "role": "Solarteure", "msg": "User registriert"}
{"timestamp": "2024-01-18 16:45:48,572", "level": "INFO", "name": "GreenEcoHubRegistration", "message": "", "user_id": 92, "role": "Solarteure", "msg": "User registriert"}
{"timestamp": "2024-01-18 16:45:48,962", "level": "INFO", "name": "GreenEcoHubRegistration", "message": "", "user_id": 93, "role": "Energieberatende", "msg": "User registriert"}
{"timestamp": "2024-01-18 16:45:49,350", "level": "INFO", "name": "GreenEcoHubRegistration", "message": "", "user_id": 94, "role": "Haushalte", "msg": "User registriert"}
{"timestamp": "2024-01-18 16:45:49,736", "level": "INFO", "name": "GreenEcoHubRegistration", "message": "", "user_id": 95, "role": "Energieberatende", "msg": "User registriert"}
{"timestamp": "2024-01-18 16:45:50,123", "level": "INFO", "name": "GreenEcoHubRegistration", "message": "", "user_id": 96, "role": "Solarteure", "msg": "User registriert"}
{"timestamp": "2024-01-18 16:45:50,516", "level": "INFO", "name": "GreenEcoHubRegistration", "message": "", "user_id": 97, "role": "Solarteure", "msg": "User registriert"}
{"timestamp": "2024-01-18 16:45:50,905", "level": "INFO", "name": "GreenEcoHubRegistration", "message": "", "user_id": 98, "role": "Solarteure", "msg": "User registriert"}
{"timestamp": "2024-01-18 16:45:51,317", "level": "INFO", "name": "GreenEcoHubRegistration", "message": "", "user_id": 99, "role": "Netzbetreiber", "msg": "User registriert"}
{"timestamp": "2024-01-18 16:45:51,709", "level": "INFO", "name": "GreenEcoHubRegistration", "message": "", "user_id": 100, "role": "Haushalte", "msg": "User registriert"}
{"timestamp": "2024-01-18 16:45:52,097", "level": "INFO", "name": "GreenEcoHubRegistration", "message": "", "user_id": 101, "role": "Energieberatende", "msg": "User registriert"}
{"timestamp": "2024-01-18 16:45:52,486", "level": "INFO", "name": "GreenEcoHubRegistration", "message": "", "user_id": 102, "role": "Energieberatende", "msg": "User registriert"}
{"timestamp": "2024-01-18 16:45:52,877", "level": "INFO", "name": "GreenEcoHubRegistration", "message": "", "user_id": 103, "role": "Netzbetreiber", "msg": "User registriert"}
{"timestamp": "2024-01-18 16:45:53,277", "level": "INFO", "name": "GreenEcoHubRegistration", "message": "", "user_id": 104, "role": "Netzbetreiber", "msg": "User registriert"}
{"timestamp": "2024-01-18 16:45:53,666", "level": "INFO", "name": "GreenEcoHubRegistration", "message": "", "user_id": 105, "role": "Solarteure", "msg": "User registriert"}
{"timestamp": "2024-01-18 16:45:54,055", "level": "INFO", "name": "GreenEcoHubRegistration", "message": "", "user_id": 106, "role": "Solarteure", "msg": "User registriert"}
{"timestamp": "2024-01-18 16:45:54,459", "level": "INFO", "name": "GreenEcoHubRegistration", "message": "", "user_id": 107, "role": "Netzbetreiber", "msg": "User registriert"}
{"timestamp": "2024-01-18 16:45:54,858", "level": "INFO", "name": "GreenEcoHubRegistration", "message": "", "user_id": 108, "role": "Netzbetreiber", "msg": "User registriert"}
{"timestamp": "2024-01-18 16:45:55,267", "level": "INFO", "name": "GreenEcoHubRegistration", "message": "", "user_id": 109, "role": "Netzbetreiber", "msg": "User registriert"}
{"timestamp": "2024-01-18 16:45:55,706", "level": "INFO", "name": "GreenEcoHubRegistration", "message": "", "user_id": 110, "role": "Netzbetreiber", "msg": "User registriert"}
{"timestamp": "2024-01-18 16:45:56,117", "level": "INFO", "name": "GreenEcoHubRegistration", "message": "", "user_id": 111, "role": "Haushalte", "msg": "User registriert"}
{"timestamp": "2024-01-18 16:45:56,509", "level": "INFO", "name": "GreenEcoHubRegistration", "message": "", "user_id": 112, "role": "Solarteure", "msg": "User registriert"}
{"timestamp": "2024-01-18 16:45:56,903", "level": "INFO", "name": "GreenEcoHubRegistration", "message": "", "user_id": 113, "role": "Netzbetreiber", "msg": "User registriert"}
{"timestamp": "2024-01-18 16:45:57,303", "level": "INFO", "name": "GreenEcoHubRegistration", "message": "", "user_id": 114, "role": "Netzbetreiber", "msg": "User registriert"}
{"timestamp": "2024-01-18 16:45:57,696", "level": "INFO", "name": "GreenEcoHubRegistration", "message": "", "user_id": 115, "role": "Solarteure", "msg": "User registriert"}
{"timestamp": "2024-01-18 16:45:58,092", "level": "INFO", "name": "GreenEcoHubRegistration", "message": "", "user_id": 116, "role": "Haushalte", "msg": "User registriert"}
{"timestamp": "2024-01-18 16:45:58,486", "level": "INFO", "name": "GreenEcoHubRegistration", "message": "", "user_id": 117, "role": "Haushalte", "msg": "User registriert"}
{"timestamp": "2024-01-18 16:45:58,898", "level": "INFO", "name": "GreenEcoHubRegistration", "message": "", "user_id": 118, "role": "Netzbetreiber", "msg": "User registriert"}
{"timestamp": "2024-01-18 16:45:59,303", "level": "INFO", "name": "GreenEcoHubRegistration", "message": "", "user_id": 119, "role": "Netzbetreiber", "msg": "User registriert"}
{"timestamp": "2024-01-18 16:45:59,697", "level": "INFO", "name": "GreenEcoHubRegistration", "message": "", "user_id": 120, "role": "Solarteure", "msg": "User registriert"}
{"timestamp": "2024-01-18 16:46:00,149", "level": "INFO", "name": "GreenEcoHubRegistration", "message": "", "user_id": 121, "role": "Haushalte", "msg": "User registriert"}
{"timestamp": "2024-01-18 16:46:00,551", "level": "INFO", "name": "GreenEcoHubRegistration", "message": "", "user_id": 122, "role": "Netzbetreiber", "msg": "User registriert"}
{"timestamp": "2024-01-18 16:46:00,941", "level": "INFO", "name": "GreenEcoHubRegistration", "message": "", "user_id": 123, "role": "Haushalte", "msg": "User registriert"}
{"timestamp": "2024-01-18 16:46:01,344", "level": "INFO", "name": "GreenEcoHubRegistration", "message": "", "user_id": 124, "role": "Netzbetreiber", "msg": "User registriert"}
{"timestamp": "2024-01-18 16:46:01,739", "level": "INFO", "name": "GreenEcoHubRegistration", "message": "", "user_id": 125, "role": "Solarteure", "msg": "User registriert"}
{"timestamp": "2024-01-18 16:46:02,186", "level": "INFO", "name": "GreenEcoHubRegistration", "message": "", "user_id": 126, "role": "Solarteure", "msg": "User registriert"}
{"timestamp": "2024-01-18 16:46:02,580", "level": "INFO", "name": "GreenEcoHubRegistration", "message": "", "user_id": 127, "role": "Energieberatende", "msg": "User registriert"}
{"timestamp": "2024-01-18 16:46:03,034", "level": "INFO", "name": "GreenEcoHubRegistration", "message": "", "user_id": 128, "role": "Netzbetreiber", "msg": "User registriert"}
{"timestamp": "2024-01-18 16:46:03,459", "level": "INFO", "name": "GreenEcoHubRegistration", "message": "", "user_id": 129, "role": "Solarteure", "msg": "User registriert"}
{"timestamp": "2024-01-18 16:46:03,894", "level": "INFO", "name": "GreenEcoHubRegistration", "message": "", "user_id": 130, "role": "Haushalte", "msg": "User registriert"}
{"timestamp": "2024-01-18 16:46:04,345", "level": "INFO", "name": "GreenEcoHubRegistration", "message": "", "user_id": 131, "role": "Energieberatende", "msg": "User registriert"}
{"timestamp": "2024-01-18 16:46:04,769", "level": "INFO", "name": "GreenEcoHubRegistration", "message": "", "user_id": 132, "role": "Energieberatende", "msg": "User registriert"}
{"timestamp": "2024-01-18 16:46:05,172", "level": "INFO", "name": "GreenEcoHubRegistration", "message": "", "user_id": 133, "role": "Netzbetreiber", "msg": "User registriert"}
{"timestamp": "2024-01-18 16:46:05,560", "level": "INFO", "name": "GreenEcoHubRegistration", "message": "", "user_id": 134, "role": "Solarteure", "msg": "User registriert"}
{"timestamp": "2024-01-18 16:48:02,108", "level": "INFO", "name": "GreenEcoHubRegistration", "message": "", "user_id": 1, "role": "Haushalte", "msg": "User registriert"}
{"timestamp": "2024-01-18 16:48:02,499", "level": "INFO", "name": "GreenEcoHubRegistration", "message": "", "user_id": 2, "role": "Admin", "msg": "User registriert"}
{"timestamp": "2024-01-18 16:48:02,915", "level": "INFO", "name": "GreenEcoHubRegistration", "message": "", "user_id": 3, "role": "Netzbetreiber", "msg": "User registriert"}
{"timestamp": "2024-01-18 16:48:03,367", "level": "INFO", "name": "GreenEcoHubRegistration", "message": "", "user_id": 4, "role": "Solarteure", "msg": "User registriert"}
{"timestamp": "2024-01-18 16:48:03,783", "level": "INFO", "name": "GreenEcoHubRegistration", "message": "", "user_id": 5, "role": "Energieberatende", "msg": "User registriert"}
{"timestamp": "2024-01-18 16:48:04,181", "level": "INFO", "name": "GreenEcoHubRegistration", "message": "", "user_id": 6, "role": "Netzbetreiber", "msg": "User registriert"}
{"timestamp": "2024-01-18 16:48:04,589", "level": "INFO", "name": "GreenEcoHubRegistration", "message": "", "user_id": 7, "role": "Netzbetreiber", "msg": "User registriert"}
{"timestamp": "2024-01-18 16:48:05,008", "level": "INFO", "name": "GreenEcoHubRegistration", "message": "", "user_id": 8, "role": "Energieberatende", "msg": "User registriert"}
{"timestamp": "2024-01-18 16:48:05,454", "level": "INFO", "name": "GreenEcoHubRegistration", "message": "", "user_id": 9, "role": "Solarteure", "msg": "User registriert"}
{"timestamp": "2024-01-18 16:48:05,845", "level": "INFO", "name": "GreenEcoHubRegistration", "message": "", "user_id": 10, "role": "Solarteure", "msg": "User registriert"}
{"timestamp": "2024-01-18 16:48:06,242", "level": "INFO", "name": "GreenEcoHubRegistration", "message": "", "user_id": 11, "role": "Netzbetreiber", "msg": "User registriert"}
{"timestamp": "2024-01-18 16:48:06,635", "level": "INFO", "name": "GreenEcoHubRegistration", "message": "", "user_id": 12, "role": "Solarteure", "msg": "User registriert"}
{"timestamp": "2024-01-18 16:48:07,030", "level": "INFO", "name": "GreenEcoHubRegistration", "message": "", "user_id": 13, "role": "Energieberatende", "msg": "User registriert"}
{"timestamp": "2024-01-18 16:48:07,421", "level": "INFO", "name": "GreenEcoHubRegistration", "message": "", "user_id": 14, "role": "Energieberatende", "msg": "User registriert"}
{"timestamp": "2024-01-18 16:48:07,815", "level": "INFO", "name": "GreenEcoHubRegistration", "message": "", "user_id": 15, "role": "Solarteure", "msg": "User registriert"}
{"timestamp": "2024-01-18 16:48:08,198", "level": "INFO", "name": "GreenEcoHubRegistration", "message": "", "user_id": 16, "role": "Solarteure", "msg": "User registriert"}
{"timestamp": "2024-01-18 16:48:08,587", "level": "INFO", "name": "GreenEcoHubRegistration", "message": "", "user_id": 17, "role": "Energieberatende", "msg": "User registriert"}
{"timestamp": "2024-01-18 16:48:08,981", "level": "INFO", "name": "GreenEcoHubRegistration", "message": "", "user_id": 18, "role": "Solarteure", "msg": "User registriert"}
{"timestamp": "2024-01-18 16:48:09,400", "level": "INFO", "name": "GreenEcoHubRegistration", "message": "", "user_id": 19, "role": "Energieberatende", "msg": "User registriert"}
{"timestamp": "2024-01-18 16:48:09,819", "level": "INFO", "name": "GreenEcoHubRegistration", "message": "", "user_id": 20, "role": "Netzbetreiber", "msg": "User registriert"}
{"timestamp": "2024-01-18 16:48:10,211", "level": "INFO", "name": "GreenEcoHubRegistration", "message": "", "user_id": 21, "role": "Energieberatende", "msg": "User registriert"}
{"timestamp": "2024-01-18 16:48:10,599", "level": "INFO", "name": "GreenEcoHubRegistration", "message": "", "user_id": 22, "role": "Solarteure", "msg": "User registriert"}
{"timestamp": "2024-01-18 16:48:10,991", "level": "INFO", "name": "GreenEcoHubRegistration", "message": "", "user_id": 23, "role": "Solarteure", "msg": "User registriert"}
{"timestamp": "2024-01-18 16:48:11,384", "level": "INFO", "name": "GreenEcoHubRegistration", "message": "", "user_id": 24, "role": "Haushalte", "msg": "User registriert"}
{"timestamp": "2024-01-18 16:48:11,782", "level": "INFO", "name": "GreenEcoHubRegistration", "message": "", "user_id": 25, "role": "Netzbetreiber", "msg": "User registriert"}
{"timestamp": "2024-01-18 16:48:12,176", "level": "INFO", "name": "GreenEcoHubRegistration", "message": "", "user_id": 26, "role": "Solarteure", "msg": "User registriert"}
{"timestamp": "2024-01-18 16:48:12,567", "level": "INFO", "name": "GreenEcoHubRegistration", "message": "", "user_id": 27, "role": "Haushalte", "msg": "User registriert"}
{"timestamp": "2024-01-18 16:48:13,004", "level": "INFO", "name": "GreenEcoHubRegistration", "message": "", "user_id": 28, "role": "Solarteure", "msg": "User registriert"}
{"timestamp": "2024-01-18 16:48:13,409", "level": "INFO", "name": "GreenEcoHubRegistration", "message": "", "user_id": 29, "role": "Solarteure", "msg": "User registriert"}
{"timestamp": "2024-01-18 16:48:13,799", "level": "INFO", "name": "GreenEcoHubRegistration", "message": "", "user_id": 30, "role": "Energieberatende", "msg": "User registriert"}
{"timestamp": "2024-01-18 16:48:14,198", "level": "INFO", "name": "GreenEcoHubRegistration", "message": "", "user_id": 31, "role": "Netzbetreiber", "msg": "User registriert"}
{"timestamp": "2024-01-18 16:48:14,587", "level": "INFO", "name": "GreenEcoHubRegistration", "message": "", "user_id": 32, "role": "Haushalte", "msg": "User registriert"}
{"timestamp": "2024-01-18 16:48:14,975", "level": "INFO", "name": "GreenEcoHubRegistration", "message": "", "user_id": 33, "role": "Energieberatende", "msg": "User registriert"}
{"timestamp": "2024-01-18 16:48:15,365", "level": "INFO", "name": "GreenEcoHubRegistration", "message": "", "user_id": 34, "role": "Solarteure", "msg": "User registriert"}
{"timestamp": "2024-01-18 16:48:15,756", "level": "INFO", "name": "GreenEcoHubRegistration", "message": "", "user_id": 35, "role": "Solarteure", "msg": "User registriert"}
{"timestamp": "2024-01-18 16:48:16,145", "level": "INFO", "name": "GreenEcoHubRegistration", "message": "", "user_id": 36, "role": "Haushalte", "msg": "User registriert"}
{"timestamp": "2024-01-18 16:48:16,533", "level": "INFO", "name": "GreenEcoHubRegistration", "message": "", "user_id": 37, "role": "Energieberatende", "msg": "User registriert"}
{"timestamp": "2024-01-18 16:48:16,928", "level": "INFO", "name": "GreenEcoHubRegistration", "message": "", "user_id": 38, "role": "Netzbetreiber", "msg": "User registriert"}
{"timestamp": "2024-01-18 16:48:17,320", "level": "INFO", "name": "GreenEcoHubRegistration", "message": "", "user_id": 39, "role": "Solarteure", "msg": "User registriert"}
{"timestamp": "2024-01-18 16:48:17,710", "level": "INFO", "name": "GreenEcoHubRegistration", "message": "", "user_id": 40, "role": "Haushalte", "msg": "User registriert"}
{"timestamp": "2024-01-18 16:48:18,103", "level": "INFO", "name": "GreenEcoHubRegistration", "message": "", "user_id": 41, "role": "Energieberatende", "msg": "User registriert"}
{"timestamp": "2024-01-18 16:48:18,505", "level": "INFO", "name": "GreenEcoHubRegistration", "message": "", "user_id": 42, "role": "Netzbetreiber", "msg": "User registriert"}
{"timestamp": "2024-01-18 16:48:18,901", "level": "INFO", "name": "GreenEcoHubRegistration", "message": "", "user_id": 43, "role": "Energieberatende", "msg": "User registriert"}
{"timestamp": "2024-01-18 16:48:19,292", "level": "INFO", "name": "GreenEcoHubRegistration", "message": "", "user_id": 44, "role": "Solarteure", "msg": "User registriert"}
{"timestamp": "2024-01-18 16:48:19,685", "level": "INFO", "name": "GreenEcoHubRegistration", "message": "", "user_id": 45, "role": "Solarteure", "msg": "User registriert"}
{"timestamp": "2024-01-18 16:48:20,074", "level": "INFO", "name": "GreenEcoHubRegistration", "message": "", "user_id": 46, "role": "Energieberatende", "msg": "User registriert"}
{"timestamp": "2024-01-18 16:48:20,463", "level": "INFO", "name": "GreenEcoHubRegistration", "message": "", "user_id": 47, "role": "Haushalte", "msg": "User registriert"}
{"timestamp": "2024-01-18 16:48:20,848", "level": "INFO", "name": "GreenEcoHubRegistration", "message": "", "user_id": 48, "role": "Haushalte", "msg": "User registriert"}
{"timestamp": "2024-01-18 16:48:21,257", "level": "INFO", "name": "GreenEcoHubRegistration", "message": "", "user_id": 49, "role": "Netzbetreiber", "msg": "User registriert"}
{"timestamp": "2024-01-18 16:48:21,655", "level": "INFO", "name": "GreenEcoHubRegistration", "message": "", "user_id": 50, "role": "Netzbetreiber", "msg": "User registriert"}
{"timestamp": "2024-01-18 16:48:22,057", "level": "INFO", "name": "GreenEcoHubRegistration", "message": "", "user_id": 51, "role": "Netzbetreiber", "msg": "User registriert"}
{"timestamp": "2024-01-18 16:48:22,450", "level": "INFO", "name": "GreenEcoHubRegistration", "message": "", "user_id": 52, "role": "Energieberatende", "msg": "User registriert"}
{"timestamp": "2024-01-18 16:48:22,883", "level": "INFO", "name": "GreenEcoHubRegistration", "message": "", "user_id": 53, "role": "Solarteure", "msg": "User registriert"}
{"timestamp": "2024-01-18 16:48:23,274", "level": "INFO", "name": "GreenEcoHubRegistration", "message": "", "user_id": 54, "role": "Haushalte", "msg": "User registriert"}
{"timestamp": "2024-01-18 16:48:23,668", "level": "INFO", "name": "GreenEcoHubRegistration", "message": "", "user_id": 55, "role": "Netzbetreiber", "msg": "User registriert"}
{"timestamp": "2024-01-18 17:27:54,744", "level": "INFO", "name": "GreenEcoHubRegistration", "message": "", "user_id": 56, "role": "Netzbetreiber", "msg": "User registriert"}
{"timestamp": "2024-01-18 17:30:59,812", "level": "INFO", "name": "GreenEcoHubRegistration", "message": "", "user_id": 57, "role": "Netzbetreiber", "msg": "User registriert"}
{"timestamp": "2024-01-21 00:46:48,511", "level": "INFO", "name": "GreenEcoHubRegistration", "message": "", "user_id": 58, "role": "Netzbetreiber", "msg": "User registriert"}
{"timestamp": "2024-01-28 18:23:28,312", "level": "ERROR", "name": "GreenEcoHubRegistration", "message": "", "user_id": 0, "role": "unknown", "msg": "Email g@b.de bereits vergeben"}
{"timestamp": "2024-01-28 18:25:44,987", "level": "ERROR", "name": "GreenEcoHubRegistration", "message": "", "user_id": 0, "role": "unknown", "msg": "Email q@db.de bereits vergeben"}
{"timestamp": "2024-01-28 18:27:05,422", "level": "ERROR", "name": "GreenEcoHubRegistration", "message": "", "user_id": 0, "role": "unknown", "msg": "Email q@dba.de bereits vergeben"}
{"timestamp": "2024-01-28 18:29:42,670", "level": "INFO", "name": "GreenEcoHubRegistration", "message": "", "user_id": 64, "role": "Netzbetreiber", "msg": "User registriert"}
{"timestamp": "2024-01-28 18:30:43,689", "level": "INFO", "name": "GreenEcoHubRegistration", "message": "", "user_id": 65, "role": "Netzbetreiber", "msg": "User registriert"}
{"timestamp": "2024-01-28 19:26:57,566", "level": "INFO", "name": "GreenEcoHubRegistration", "message": "", "user_id": 66, "role": "Netzbetreiber", "msg": "User registriert"}
{"timestamp": "2024-01-28 19:31:10,326", "level": "ERROR", "name": "GreenEcoHubRegistration", "message": "", "user_id": 0, "role": "unknown", "msg": "Email bierling.lukas@gmail.com bereits vergeben"}
{"timestamp": "2024-01-28 19:33:10,638", "level": "INFO", "name": "GreenEcoHubRegistration", "message": "", "user_id": 68, "role": "Netzbetreiber", "msg": "User registriert"}
{"timestamp": "2024-01-29 17:30:23,462", "level": "INFO", "name": "GreenEcoHubRegistration", "message": "", "user_id": 69, "role": "Haushalte", "msg": "User registriert"}
{"timestamp": "2024-01-29 17:33:04,567", "level": "INFO", "name": "GreenEcoHubRegistration", "message": "", "user_id": 70, "role": "Netzbetreiber", "msg": "User registriert"}
{"timestamp": "2024-02-05 16:54:25,368", "level": "INFO", "name": "GreenEcoHubRegistration", "message": "", "user_id": 71, "role": "Haushalte", "msg": "User registriert"}
{"timestamp": "2024-02-05 17:17:24,141", "level": "INFO", "name": "GreenEcoHubRegistration", "message": "", "user_id": 72, "role": "Netzbetreiber", "msg": "User registriert"}
